<?xml version="1.0" encoding="UTF-8"?>
<!-- Generated by org.testng.reporters.JUnitReportReporter -->
<testsuite hostname="DESKTOP-KT1FHVQ" failures="0" tests="1" name="Big.SerializationDeserialization" time="0.302" errors="0" timestamp="2024-04-23T08:24:40 IST" skipped="0">
  <testcase classname="Big.SerializationDeserialization" name="Serialization_Deserialization" time="0.302"/>
  <system-out/>
</testsuite> <!-- Big.SerializationDeserialization -->
