<?xml version="1.0" encoding="UTF-8"?>
<!-- Generated by org.testng.reporters.JUnitReportReporter -->
<testsuite hostname="DESKTOP-KT1FHVQ" failures="0" tests="4" name="Small.secondDay" time="0.444" errors="0" timestamp="2024-04-23T02:40:30 IST" skipped="0">
  <testcase classname="Small.secondDay" name="postRequestUsingHashMap" time="0.201"/>
  <system-out/>
  <testcase classname="Small.secondDay" name="postRequestUsingJSONORGLibrary" time="0.089"/>
  <system-out/>
  <testcase classname="Small.secondDay" name="postRequestUsingPOJO" time="0.083"/>
  <system-out/>
  <testcase classname="Small.secondDay" name="postRequestUsingExternalFile" time="0.071"/>
  <system-out/>
</testsuite> <!-- Small.secondDay -->
