<?xml version="1.0" encoding="UTF-8"?>
<!-- Generated by org.testng.reporters.JUnitReportReporter -->
<testsuite hostname="DESKTOP-KT1FHVQ" failures="0" tests="3" name="Big.firstTest" time="5.139" errors="0" timestamp="2024-04-23T02:40:30 IST" skipped="0">
  <testcase classname="Big.firstTest" name="createUser" time="3.779"/>
  <system-out/>
  <testcase classname="Big.firstTest" name="updateUserCreated" time="0.974"/>
  <system-out/>
  <testcase classname="Big.firstTest" name="deleteUserCreated" time="0.386"/>
  <system-out/>
</testsuite> <!-- Big.firstTest -->
